Grammar:

Rule 0     S' -> program
Rule 1     program -> declaraciones chequeos prints
Rule 2     empty -> <empty>
Rule 3     declaraciones -> empty
Rule 4     declaraciones -> declaraciones declaracion
Rule 5     declaracion -> FUN LOWERID signatura precondicion postcondicion reglas
Rule 6     signatura -> empty
Rule 7     signatura -> COLON parametros ARROW parametro  [precedence=left, level=2]
Rule 8     precondicion -> QUESTION formulaImpOrAndNeg
Rule 9     precondicion -> empty
Rule 10    postcondicion -> BANG formulaImpOrAndNeg
Rule 11    postcondicion -> empty
Rule 12    chequeos -> empty
Rule 13    chequeos -> chequeos chequeo
Rule 14    chequeo -> CHECK formulaImpOrAndNeg
Rule 15    prints -> empty
Rule 16    prints -> prints prnt
Rule 17    prnt -> PRINT expresion
Rule 18    parametros -> parametros COMMA parametros  [precedence=left, level=1]
Rule 19    parametros -> parametro
Rule 20    parametros -> empty
Rule 21    parametro -> LOWERID
Rule 22    parametro -> UNDERSCORE
Rule 23    reglas -> reglas regla
Rule 24    reglas -> empty
Rule 25    regla -> patrones ARROW expresion  [precedence=left, level=2]
Rule 26    patrones -> patrones COMMA patrones  [precedence=left, level=1]
Rule 27    patrones -> patron
Rule 28    patrones -> empty
Rule 29    patron -> UPPERID LPAREN patrones RPAREN
Rule 30    patron -> UPPERID
Rule 31    patron -> LOWERID
Rule 32    patron -> UNDERSCORE
Rule 33    expresion -> LOWERID LPAREN expresiones RPAREN
Rule 34    expresion -> UPPERID LPAREN expresiones RPAREN
Rule 35    expresion -> UPPERID
Rule 36    expresion -> LOWERID
Rule 37    expresiones -> expresiones COMMA expresiones  [precedence=left, level=1]
Rule 38    expresiones -> expresion
Rule 39    expresiones -> empty
Rule 40    formulaNeg -> LPAREN formulaImpOrAndNeg RPAREN
Rule 41    formulaNeg -> NOT formulaNeg
Rule 42    formulaNeg -> formulaAtomica
Rule 43    formulaAndNeg -> formulaNeg AND formulaAndNeg
Rule 44    formulaAndNeg -> formulaNeg
Rule 45    formulaOrAndNeg -> formulaAndNeg
Rule 46    formulaOrAndNeg -> formulaAndNeg OR formulaOrAndNeg
Rule 47    formulaImpOrAndNeg -> formulaOrAndNeg
Rule 48    formulaImpOrAndNeg -> formulaOrAndNeg IMP formulaImpOrAndNeg
Rule 49    formulaAtomica -> expresion EQ expresion
Rule 50    formulaAtomica -> expresion
Rule 51    formulaAtomica -> FALSE
Rule 52    formulaAtomica -> TRUE

Terminals, with rules where they appear:

AND                  : 43
ARROW                : 7 25
BANG                 : 10
CHECK                : 14
COLON                : 7
COMMA                : 18 26 37
EQ                   : 49
FALSE                : 51
FUN                  : 5
IMP                  : 48
LOWERID              : 5 21 31 33 36
LPAREN               : 29 33 34 40
NOT                  : 41
OR                   : 46
PRINT                : 17
QUESTION             : 8
RPAREN               : 29 33 34 40
TRUE                 : 52
UNDERSCORE           : 22 32
UPPERID              : 29 30 34 35
error                : 

Nonterminals, with rules where they appear:

chequeo              : 13
chequeos             : 1 13
declaracion          : 4
declaraciones        : 1 4
empty                : 3 6 9 11 12 15 20 24 28 39
expresion            : 17 25 38 49 49 50
expresiones          : 33 34 37 37
formulaAndNeg        : 43 45 46
formulaAtomica       : 42
formulaImpOrAndNeg   : 8 10 14 40 48
formulaNeg           : 41 43 44
formulaOrAndNeg      : 46 47 48
parametro            : 7 19
parametros           : 7 18 18
patron               : 27
patrones             : 25 26 26 29
postcondicion        : 5
precondicion         : 5
prints               : 1 16
prnt                 : 16
program              : 0
regla                : 23
reglas               : 5 23
signatura            : 5


state 0

    (0) S' -> . program
    (1) program -> . declaraciones chequeos prints
    (3) declaraciones -> . empty
    (4) declaraciones -> . declaraciones declaracion
    (2) empty -> .
    FUN             reduce using rule 2 (empty -> .)
    CHECK           reduce using rule 2 (empty -> .)
    PRINT           reduce using rule 2 (empty -> .)
    $end            reduce using rule 2 (empty -> .)

    program                        shift and go to state 1
    declaraciones                  shift and go to state 2
    empty                          shift and go to state 3

state 1

    (0) S' -> program .


state 2

    (1) program -> declaraciones . chequeos prints
    (4) declaraciones -> declaraciones . declaracion
    (12) chequeos -> . empty
    (13) chequeos -> . chequeos chequeo
    (5) declaracion -> . FUN LOWERID signatura precondicion postcondicion reglas
    (2) empty -> .
    FUN             shift and go to state 7
    CHECK           reduce using rule 2 (empty -> .)
    PRINT           reduce using rule 2 (empty -> .)
    $end            reduce using rule 2 (empty -> .)

    chequeos                       shift and go to state 4
    declaracion                    shift and go to state 5
    empty                          shift and go to state 6

state 3

    (3) declaraciones -> empty .
    FUN             reduce using rule 3 (declaraciones -> empty .)
    CHECK           reduce using rule 3 (declaraciones -> empty .)
    PRINT           reduce using rule 3 (declaraciones -> empty .)
    $end            reduce using rule 3 (declaraciones -> empty .)


state 4

    (1) program -> declaraciones chequeos . prints
    (13) chequeos -> chequeos . chequeo
    (15) prints -> . empty
    (16) prints -> . prints prnt
    (14) chequeo -> . CHECK formulaImpOrAndNeg
    (2) empty -> .
    CHECK           shift and go to state 11
    PRINT           reduce using rule 2 (empty -> .)
    $end            reduce using rule 2 (empty -> .)

    prints                         shift and go to state 8
    chequeo                        shift and go to state 9
    empty                          shift and go to state 10

state 5

    (4) declaraciones -> declaraciones declaracion .
    FUN             reduce using rule 4 (declaraciones -> declaraciones declaracion .)
    CHECK           reduce using rule 4 (declaraciones -> declaraciones declaracion .)
    PRINT           reduce using rule 4 (declaraciones -> declaraciones declaracion .)
    $end            reduce using rule 4 (declaraciones -> declaraciones declaracion .)


state 6

    (12) chequeos -> empty .
    CHECK           reduce using rule 12 (chequeos -> empty .)
    PRINT           reduce using rule 12 (chequeos -> empty .)
    $end            reduce using rule 12 (chequeos -> empty .)


state 7

    (5) declaracion -> FUN . LOWERID signatura precondicion postcondicion reglas
    LOWERID         shift and go to state 12


state 8

    (1) program -> declaraciones chequeos prints .
    (16) prints -> prints . prnt
    (17) prnt -> . PRINT expresion
    $end            reduce using rule 1 (program -> declaraciones chequeos prints .)
    PRINT           shift and go to state 14

    prnt                           shift and go to state 13

state 9

    (13) chequeos -> chequeos chequeo .
    CHECK           reduce using rule 13 (chequeos -> chequeos chequeo .)
    PRINT           reduce using rule 13 (chequeos -> chequeos chequeo .)
    $end            reduce using rule 13 (chequeos -> chequeos chequeo .)


state 10

    (15) prints -> empty .
    PRINT           reduce using rule 15 (prints -> empty .)
    $end            reduce using rule 15 (prints -> empty .)


state 11

    (14) chequeo -> CHECK . formulaImpOrAndNeg
    (47) formulaImpOrAndNeg -> . formulaOrAndNeg
    (48) formulaImpOrAndNeg -> . formulaOrAndNeg IMP formulaImpOrAndNeg
    (45) formulaOrAndNeg -> . formulaAndNeg
    (46) formulaOrAndNeg -> . formulaAndNeg OR formulaOrAndNeg
    (43) formulaAndNeg -> . formulaNeg AND formulaAndNeg
    (44) formulaAndNeg -> . formulaNeg
    (40) formulaNeg -> . LPAREN formulaImpOrAndNeg RPAREN
    (41) formulaNeg -> . NOT formulaNeg
    (42) formulaNeg -> . formulaAtomica
    (49) formulaAtomica -> . expresion EQ expresion
    (50) formulaAtomica -> . expresion
    (51) formulaAtomica -> . FALSE
    (52) formulaAtomica -> . TRUE
    (33) expresion -> . LOWERID LPAREN expresiones RPAREN
    (34) expresion -> . UPPERID LPAREN expresiones RPAREN
    (35) expresion -> . UPPERID
    (36) expresion -> . LOWERID
    LPAREN          shift and go to state 19
    NOT             shift and go to state 20
    FALSE           shift and go to state 23
    TRUE            shift and go to state 24
    LOWERID         shift and go to state 25
    UPPERID         shift and go to state 26

    formulaImpOrAndNeg             shift and go to state 15
    formulaOrAndNeg                shift and go to state 16
    formulaAndNeg                  shift and go to state 17
    formulaNeg                     shift and go to state 18
    formulaAtomica                 shift and go to state 21
    expresion                      shift and go to state 22

state 12

    (5) declaracion -> FUN LOWERID . signatura precondicion postcondicion reglas
    (6) signatura -> . empty
    (7) signatura -> . COLON parametros ARROW parametro
    (2) empty -> .
    COLON           shift and go to state 29
    QUESTION        reduce using rule 2 (empty -> .)
    BANG            reduce using rule 2 (empty -> .)
    UPPERID         reduce using rule 2 (empty -> .)
    LOWERID         reduce using rule 2 (empty -> .)
    UNDERSCORE      reduce using rule 2 (empty -> .)
    ARROW           reduce using rule 2 (empty -> .)
    COMMA           reduce using rule 2 (empty -> .)
    FUN             reduce using rule 2 (empty -> .)
    CHECK           reduce using rule 2 (empty -> .)
    PRINT           reduce using rule 2 (empty -> .)
    $end            reduce using rule 2 (empty -> .)

    signatura                      shift and go to state 27
    empty                          shift and go to state 28

state 13

    (16) prints -> prints prnt .
    PRINT           reduce using rule 16 (prints -> prints prnt .)
    $end            reduce using rule 16 (prints -> prints prnt .)


state 14

    (17) prnt -> PRINT . expresion
    (33) expresion -> . LOWERID LPAREN expresiones RPAREN
    (34) expresion -> . UPPERID LPAREN expresiones RPAREN
    (35) expresion -> . UPPERID
    (36) expresion -> . LOWERID
    LOWERID         shift and go to state 25
    UPPERID         shift and go to state 26

    expresion                      shift and go to state 30

state 15

    (14) chequeo -> CHECK formulaImpOrAndNeg .
    CHECK           reduce using rule 14 (chequeo -> CHECK formulaImpOrAndNeg .)
    PRINT           reduce using rule 14 (chequeo -> CHECK formulaImpOrAndNeg .)
    $end            reduce using rule 14 (chequeo -> CHECK formulaImpOrAndNeg .)


state 16

    (47) formulaImpOrAndNeg -> formulaOrAndNeg .
    (48) formulaImpOrAndNeg -> formulaOrAndNeg . IMP formulaImpOrAndNeg
    CHECK           reduce using rule 47 (formulaImpOrAndNeg -> formulaOrAndNeg .)
    PRINT           reduce using rule 47 (formulaImpOrAndNeg -> formulaOrAndNeg .)
    $end            reduce using rule 47 (formulaImpOrAndNeg -> formulaOrAndNeg .)
    RPAREN          reduce using rule 47 (formulaImpOrAndNeg -> formulaOrAndNeg .)
    BANG            reduce using rule 47 (formulaImpOrAndNeg -> formulaOrAndNeg .)
    UPPERID         reduce using rule 47 (formulaImpOrAndNeg -> formulaOrAndNeg .)
    LOWERID         reduce using rule 47 (formulaImpOrAndNeg -> formulaOrAndNeg .)
    UNDERSCORE      reduce using rule 47 (formulaImpOrAndNeg -> formulaOrAndNeg .)
    ARROW           reduce using rule 47 (formulaImpOrAndNeg -> formulaOrAndNeg .)
    COMMA           reduce using rule 47 (formulaImpOrAndNeg -> formulaOrAndNeg .)
    FUN             reduce using rule 47 (formulaImpOrAndNeg -> formulaOrAndNeg .)
    IMP             shift and go to state 31


state 17

    (45) formulaOrAndNeg -> formulaAndNeg .
    (46) formulaOrAndNeg -> formulaAndNeg . OR formulaOrAndNeg
    IMP             reduce using rule 45 (formulaOrAndNeg -> formulaAndNeg .)
    CHECK           reduce using rule 45 (formulaOrAndNeg -> formulaAndNeg .)
    PRINT           reduce using rule 45 (formulaOrAndNeg -> formulaAndNeg .)
    $end            reduce using rule 45 (formulaOrAndNeg -> formulaAndNeg .)
    RPAREN          reduce using rule 45 (formulaOrAndNeg -> formulaAndNeg .)
    BANG            reduce using rule 45 (formulaOrAndNeg -> formulaAndNeg .)
    UPPERID         reduce using rule 45 (formulaOrAndNeg -> formulaAndNeg .)
    LOWERID         reduce using rule 45 (formulaOrAndNeg -> formulaAndNeg .)
    UNDERSCORE      reduce using rule 45 (formulaOrAndNeg -> formulaAndNeg .)
    ARROW           reduce using rule 45 (formulaOrAndNeg -> formulaAndNeg .)
    COMMA           reduce using rule 45 (formulaOrAndNeg -> formulaAndNeg .)
    FUN             reduce using rule 45 (formulaOrAndNeg -> formulaAndNeg .)
    OR              shift and go to state 32


state 18

    (43) formulaAndNeg -> formulaNeg . AND formulaAndNeg
    (44) formulaAndNeg -> formulaNeg .
    AND             shift and go to state 33
    OR              reduce using rule 44 (formulaAndNeg -> formulaNeg .)
    IMP             reduce using rule 44 (formulaAndNeg -> formulaNeg .)
    CHECK           reduce using rule 44 (formulaAndNeg -> formulaNeg .)
    PRINT           reduce using rule 44 (formulaAndNeg -> formulaNeg .)
    $end            reduce using rule 44 (formulaAndNeg -> formulaNeg .)
    RPAREN          reduce using rule 44 (formulaAndNeg -> formulaNeg .)
    BANG            reduce using rule 44 (formulaAndNeg -> formulaNeg .)
    UPPERID         reduce using rule 44 (formulaAndNeg -> formulaNeg .)
    LOWERID         reduce using rule 44 (formulaAndNeg -> formulaNeg .)
    UNDERSCORE      reduce using rule 44 (formulaAndNeg -> formulaNeg .)
    ARROW           reduce using rule 44 (formulaAndNeg -> formulaNeg .)
    COMMA           reduce using rule 44 (formulaAndNeg -> formulaNeg .)
    FUN             reduce using rule 44 (formulaAndNeg -> formulaNeg .)


state 19

    (40) formulaNeg -> LPAREN . formulaImpOrAndNeg RPAREN
    (47) formulaImpOrAndNeg -> . formulaOrAndNeg
    (48) formulaImpOrAndNeg -> . formulaOrAndNeg IMP formulaImpOrAndNeg
    (45) formulaOrAndNeg -> . formulaAndNeg
    (46) formulaOrAndNeg -> . formulaAndNeg OR formulaOrAndNeg
    (43) formulaAndNeg -> . formulaNeg AND formulaAndNeg
    (44) formulaAndNeg -> . formulaNeg
    (40) formulaNeg -> . LPAREN formulaImpOrAndNeg RPAREN
    (41) formulaNeg -> . NOT formulaNeg
    (42) formulaNeg -> . formulaAtomica
    (49) formulaAtomica -> . expresion EQ expresion
    (50) formulaAtomica -> . expresion
    (51) formulaAtomica -> . FALSE
    (52) formulaAtomica -> . TRUE
    (33) expresion -> . LOWERID LPAREN expresiones RPAREN
    (34) expresion -> . UPPERID LPAREN expresiones RPAREN
    (35) expresion -> . UPPERID
    (36) expresion -> . LOWERID
    LPAREN          shift and go to state 19
    NOT             shift and go to state 20
    FALSE           shift and go to state 23
    TRUE            shift and go to state 24
    LOWERID         shift and go to state 25
    UPPERID         shift and go to state 26

    formulaImpOrAndNeg             shift and go to state 34
    formulaOrAndNeg                shift and go to state 16
    formulaAndNeg                  shift and go to state 17
    formulaNeg                     shift and go to state 18
    formulaAtomica                 shift and go to state 21
    expresion                      shift and go to state 22

state 20

    (41) formulaNeg -> NOT . formulaNeg
    (40) formulaNeg -> . LPAREN formulaImpOrAndNeg RPAREN
    (41) formulaNeg -> . NOT formulaNeg
    (42) formulaNeg -> . formulaAtomica
    (49) formulaAtomica -> . expresion EQ expresion
    (50) formulaAtomica -> . expresion
    (51) formulaAtomica -> . FALSE
    (52) formulaAtomica -> . TRUE
    (33) expresion -> . LOWERID LPAREN expresiones RPAREN
    (34) expresion -> . UPPERID LPAREN expresiones RPAREN
    (35) expresion -> . UPPERID
    (36) expresion -> . LOWERID
    LPAREN          shift and go to state 19
    NOT             shift and go to state 20
    FALSE           shift and go to state 23
    TRUE            shift and go to state 24
    LOWERID         shift and go to state 25
    UPPERID         shift and go to state 26

    formulaNeg                     shift and go to state 35
    formulaAtomica                 shift and go to state 21
    expresion                      shift and go to state 22

state 21

    (42) formulaNeg -> formulaAtomica .
    AND             reduce using rule 42 (formulaNeg -> formulaAtomica .)
    OR              reduce using rule 42 (formulaNeg -> formulaAtomica .)
    IMP             reduce using rule 42 (formulaNeg -> formulaAtomica .)
    CHECK           reduce using rule 42 (formulaNeg -> formulaAtomica .)
    PRINT           reduce using rule 42 (formulaNeg -> formulaAtomica .)
    $end            reduce using rule 42 (formulaNeg -> formulaAtomica .)
    RPAREN          reduce using rule 42 (formulaNeg -> formulaAtomica .)
    BANG            reduce using rule 42 (formulaNeg -> formulaAtomica .)
    UPPERID         reduce using rule 42 (formulaNeg -> formulaAtomica .)
    LOWERID         reduce using rule 42 (formulaNeg -> formulaAtomica .)
    UNDERSCORE      reduce using rule 42 (formulaNeg -> formulaAtomica .)
    ARROW           reduce using rule 42 (formulaNeg -> formulaAtomica .)
    COMMA           reduce using rule 42 (formulaNeg -> formulaAtomica .)
    FUN             reduce using rule 42 (formulaNeg -> formulaAtomica .)


state 22

    (49) formulaAtomica -> expresion . EQ expresion
    (50) formulaAtomica -> expresion .
    EQ              shift and go to state 36
    AND             reduce using rule 50 (formulaAtomica -> expresion .)
    OR              reduce using rule 50 (formulaAtomica -> expresion .)
    IMP             reduce using rule 50 (formulaAtomica -> expresion .)
    CHECK           reduce using rule 50 (formulaAtomica -> expresion .)
    PRINT           reduce using rule 50 (formulaAtomica -> expresion .)
    $end            reduce using rule 50 (formulaAtomica -> expresion .)
    RPAREN          reduce using rule 50 (formulaAtomica -> expresion .)
    BANG            reduce using rule 50 (formulaAtomica -> expresion .)
    UPPERID         reduce using rule 50 (formulaAtomica -> expresion .)
    LOWERID         reduce using rule 50 (formulaAtomica -> expresion .)
    UNDERSCORE      reduce using rule 50 (formulaAtomica -> expresion .)
    ARROW           reduce using rule 50 (formulaAtomica -> expresion .)
    COMMA           reduce using rule 50 (formulaAtomica -> expresion .)
    FUN             reduce using rule 50 (formulaAtomica -> expresion .)


state 23

    (51) formulaAtomica -> FALSE .
    AND             reduce using rule 51 (formulaAtomica -> FALSE .)
    OR              reduce using rule 51 (formulaAtomica -> FALSE .)
    IMP             reduce using rule 51 (formulaAtomica -> FALSE .)
    CHECK           reduce using rule 51 (formulaAtomica -> FALSE .)
    PRINT           reduce using rule 51 (formulaAtomica -> FALSE .)
    $end            reduce using rule 51 (formulaAtomica -> FALSE .)
    RPAREN          reduce using rule 51 (formulaAtomica -> FALSE .)
    BANG            reduce using rule 51 (formulaAtomica -> FALSE .)
    UPPERID         reduce using rule 51 (formulaAtomica -> FALSE .)
    LOWERID         reduce using rule 51 (formulaAtomica -> FALSE .)
    UNDERSCORE      reduce using rule 51 (formulaAtomica -> FALSE .)
    ARROW           reduce using rule 51 (formulaAtomica -> FALSE .)
    COMMA           reduce using rule 51 (formulaAtomica -> FALSE .)
    FUN             reduce using rule 51 (formulaAtomica -> FALSE .)


state 24

    (52) formulaAtomica -> TRUE .
    AND             reduce using rule 52 (formulaAtomica -> TRUE .)
    OR              reduce using rule 52 (formulaAtomica -> TRUE .)
    IMP             reduce using rule 52 (formulaAtomica -> TRUE .)
    CHECK           reduce using rule 52 (formulaAtomica -> TRUE .)
    PRINT           reduce using rule 52 (formulaAtomica -> TRUE .)
    $end            reduce using rule 52 (formulaAtomica -> TRUE .)
    RPAREN          reduce using rule 52 (formulaAtomica -> TRUE .)
    BANG            reduce using rule 52 (formulaAtomica -> TRUE .)
    UPPERID         reduce using rule 52 (formulaAtomica -> TRUE .)
    LOWERID         reduce using rule 52 (formulaAtomica -> TRUE .)
    UNDERSCORE      reduce using rule 52 (formulaAtomica -> TRUE .)
    ARROW           reduce using rule 52 (formulaAtomica -> TRUE .)
    COMMA           reduce using rule 52 (formulaAtomica -> TRUE .)
    FUN             reduce using rule 52 (formulaAtomica -> TRUE .)


state 25

    (33) expresion -> LOWERID . LPAREN expresiones RPAREN
    (36) expresion -> LOWERID .
    LPAREN          shift and go to state 37
    EQ              reduce using rule 36 (expresion -> LOWERID .)
    AND             reduce using rule 36 (expresion -> LOWERID .)
    OR              reduce using rule 36 (expresion -> LOWERID .)
    IMP             reduce using rule 36 (expresion -> LOWERID .)
    CHECK           reduce using rule 36 (expresion -> LOWERID .)
    PRINT           reduce using rule 36 (expresion -> LOWERID .)
    $end            reduce using rule 36 (expresion -> LOWERID .)
    RPAREN          reduce using rule 36 (expresion -> LOWERID .)
    BANG            reduce using rule 36 (expresion -> LOWERID .)
    UPPERID         reduce using rule 36 (expresion -> LOWERID .)
    LOWERID         reduce using rule 36 (expresion -> LOWERID .)
    UNDERSCORE      reduce using rule 36 (expresion -> LOWERID .)
    ARROW           reduce using rule 36 (expresion -> LOWERID .)
    COMMA           reduce using rule 36 (expresion -> LOWERID .)
    FUN             reduce using rule 36 (expresion -> LOWERID .)


state 26

    (34) expresion -> UPPERID . LPAREN expresiones RPAREN
    (35) expresion -> UPPERID .
    LPAREN          shift and go to state 38
    EQ              reduce using rule 35 (expresion -> UPPERID .)
    AND             reduce using rule 35 (expresion -> UPPERID .)
    OR              reduce using rule 35 (expresion -> UPPERID .)
    IMP             reduce using rule 35 (expresion -> UPPERID .)
    CHECK           reduce using rule 35 (expresion -> UPPERID .)
    PRINT           reduce using rule 35 (expresion -> UPPERID .)
    $end            reduce using rule 35 (expresion -> UPPERID .)
    RPAREN          reduce using rule 35 (expresion -> UPPERID .)
    BANG            reduce using rule 35 (expresion -> UPPERID .)
    UPPERID         reduce using rule 35 (expresion -> UPPERID .)
    LOWERID         reduce using rule 35 (expresion -> UPPERID .)
    UNDERSCORE      reduce using rule 35 (expresion -> UPPERID .)
    ARROW           reduce using rule 35 (expresion -> UPPERID .)
    COMMA           reduce using rule 35 (expresion -> UPPERID .)
    FUN             reduce using rule 35 (expresion -> UPPERID .)


state 27

    (5) declaracion -> FUN LOWERID signatura . precondicion postcondicion reglas
    (8) precondicion -> . QUESTION formulaImpOrAndNeg
    (9) precondicion -> . empty
    (2) empty -> .
    QUESTION        shift and go to state 40
    BANG            reduce using rule 2 (empty -> .)
    UPPERID         reduce using rule 2 (empty -> .)
    LOWERID         reduce using rule 2 (empty -> .)
    UNDERSCORE      reduce using rule 2 (empty -> .)
    ARROW           reduce using rule 2 (empty -> .)
    COMMA           reduce using rule 2 (empty -> .)
    FUN             reduce using rule 2 (empty -> .)
    CHECK           reduce using rule 2 (empty -> .)
    PRINT           reduce using rule 2 (empty -> .)
    $end            reduce using rule 2 (empty -> .)

    precondicion                   shift and go to state 39
    empty                          shift and go to state 41

state 28

    (6) signatura -> empty .
    QUESTION        reduce using rule 6 (signatura -> empty .)
    BANG            reduce using rule 6 (signatura -> empty .)
    UPPERID         reduce using rule 6 (signatura -> empty .)
    LOWERID         reduce using rule 6 (signatura -> empty .)
    UNDERSCORE      reduce using rule 6 (signatura -> empty .)
    ARROW           reduce using rule 6 (signatura -> empty .)
    COMMA           reduce using rule 6 (signatura -> empty .)
    FUN             reduce using rule 6 (signatura -> empty .)
    CHECK           reduce using rule 6 (signatura -> empty .)
    PRINT           reduce using rule 6 (signatura -> empty .)
    $end            reduce using rule 6 (signatura -> empty .)


state 29

    (7) signatura -> COLON . parametros ARROW parametro
    (18) parametros -> . parametros COMMA parametros
    (19) parametros -> . parametro
    (20) parametros -> . empty
    (21) parametro -> . LOWERID
    (22) parametro -> . UNDERSCORE
    (2) empty -> .
    LOWERID         shift and go to state 45
    UNDERSCORE      shift and go to state 46
    ARROW           reduce using rule 2 (empty -> .)
    COMMA           reduce using rule 2 (empty -> .)

    parametros                     shift and go to state 42
    parametro                      shift and go to state 43
    empty                          shift and go to state 44

state 30

    (17) prnt -> PRINT expresion .
    PRINT           reduce using rule 17 (prnt -> PRINT expresion .)
    $end            reduce using rule 17 (prnt -> PRINT expresion .)


state 31

    (48) formulaImpOrAndNeg -> formulaOrAndNeg IMP . formulaImpOrAndNeg
    (47) formulaImpOrAndNeg -> . formulaOrAndNeg
    (48) formulaImpOrAndNeg -> . formulaOrAndNeg IMP formulaImpOrAndNeg
    (45) formulaOrAndNeg -> . formulaAndNeg
    (46) formulaOrAndNeg -> . formulaAndNeg OR formulaOrAndNeg
    (43) formulaAndNeg -> . formulaNeg AND formulaAndNeg
    (44) formulaAndNeg -> . formulaNeg
    (40) formulaNeg -> . LPAREN formulaImpOrAndNeg RPAREN
    (41) formulaNeg -> . NOT formulaNeg
    (42) formulaNeg -> . formulaAtomica
    (49) formulaAtomica -> . expresion EQ expresion
    (50) formulaAtomica -> . expresion
    (51) formulaAtomica -> . FALSE
    (52) formulaAtomica -> . TRUE
    (33) expresion -> . LOWERID LPAREN expresiones RPAREN
    (34) expresion -> . UPPERID LPAREN expresiones RPAREN
    (35) expresion -> . UPPERID
    (36) expresion -> . LOWERID
    LPAREN          shift and go to state 19
    NOT             shift and go to state 20
    FALSE           shift and go to state 23
    TRUE            shift and go to state 24
    LOWERID         shift and go to state 25
    UPPERID         shift and go to state 26

    formulaOrAndNeg                shift and go to state 16
    formulaImpOrAndNeg             shift and go to state 47
    formulaAndNeg                  shift and go to state 17
    formulaNeg                     shift and go to state 18
    formulaAtomica                 shift and go to state 21
    expresion                      shift and go to state 22

state 32

    (46) formulaOrAndNeg -> formulaAndNeg OR . formulaOrAndNeg
    (45) formulaOrAndNeg -> . formulaAndNeg
    (46) formulaOrAndNeg -> . formulaAndNeg OR formulaOrAndNeg
    (43) formulaAndNeg -> . formulaNeg AND formulaAndNeg
    (44) formulaAndNeg -> . formulaNeg
    (40) formulaNeg -> . LPAREN formulaImpOrAndNeg RPAREN
    (41) formulaNeg -> . NOT formulaNeg
    (42) formulaNeg -> . formulaAtomica
    (49) formulaAtomica -> . expresion EQ expresion
    (50) formulaAtomica -> . expresion
    (51) formulaAtomica -> . FALSE
    (52) formulaAtomica -> . TRUE
    (33) expresion -> . LOWERID LPAREN expresiones RPAREN
    (34) expresion -> . UPPERID LPAREN expresiones RPAREN
    (35) expresion -> . UPPERID
    (36) expresion -> . LOWERID
    LPAREN          shift and go to state 19
    NOT             shift and go to state 20
    FALSE           shift and go to state 23
    TRUE            shift and go to state 24
    LOWERID         shift and go to state 25
    UPPERID         shift and go to state 26

    formulaAndNeg                  shift and go to state 17
    formulaOrAndNeg                shift and go to state 48
    formulaNeg                     shift and go to state 18
    formulaAtomica                 shift and go to state 21
    expresion                      shift and go to state 22

state 33

    (43) formulaAndNeg -> formulaNeg AND . formulaAndNeg
    (43) formulaAndNeg -> . formulaNeg AND formulaAndNeg
    (44) formulaAndNeg -> . formulaNeg
    (40) formulaNeg -> . LPAREN formulaImpOrAndNeg RPAREN
    (41) formulaNeg -> . NOT formulaNeg
    (42) formulaNeg -> . formulaAtomica
    (49) formulaAtomica -> . expresion EQ expresion
    (50) formulaAtomica -> . expresion
    (51) formulaAtomica -> . FALSE
    (52) formulaAtomica -> . TRUE
    (33) expresion -> . LOWERID LPAREN expresiones RPAREN
    (34) expresion -> . UPPERID LPAREN expresiones RPAREN
    (35) expresion -> . UPPERID
    (36) expresion -> . LOWERID
    LPAREN          shift and go to state 19
    NOT             shift and go to state 20
    FALSE           shift and go to state 23
    TRUE            shift and go to state 24
    LOWERID         shift and go to state 25
    UPPERID         shift and go to state 26

    formulaNeg                     shift and go to state 18
    formulaAndNeg                  shift and go to state 49
    formulaAtomica                 shift and go to state 21
    expresion                      shift and go to state 22

state 34

    (40) formulaNeg -> LPAREN formulaImpOrAndNeg . RPAREN
    RPAREN          shift and go to state 50


state 35

    (41) formulaNeg -> NOT formulaNeg .
    AND             reduce using rule 41 (formulaNeg -> NOT formulaNeg .)
    OR              reduce using rule 41 (formulaNeg -> NOT formulaNeg .)
    IMP             reduce using rule 41 (formulaNeg -> NOT formulaNeg .)
    CHECK           reduce using rule 41 (formulaNeg -> NOT formulaNeg .)
    PRINT           reduce using rule 41 (formulaNeg -> NOT formulaNeg .)
    $end            reduce using rule 41 (formulaNeg -> NOT formulaNeg .)
    RPAREN          reduce using rule 41 (formulaNeg -> NOT formulaNeg .)
    BANG            reduce using rule 41 (formulaNeg -> NOT formulaNeg .)
    UPPERID         reduce using rule 41 (formulaNeg -> NOT formulaNeg .)
    LOWERID         reduce using rule 41 (formulaNeg -> NOT formulaNeg .)
    UNDERSCORE      reduce using rule 41 (formulaNeg -> NOT formulaNeg .)
    ARROW           reduce using rule 41 (formulaNeg -> NOT formulaNeg .)
    COMMA           reduce using rule 41 (formulaNeg -> NOT formulaNeg .)
    FUN             reduce using rule 41 (formulaNeg -> NOT formulaNeg .)


state 36

    (49) formulaAtomica -> expresion EQ . expresion
    (33) expresion -> . LOWERID LPAREN expresiones RPAREN
    (34) expresion -> . UPPERID LPAREN expresiones RPAREN
    (35) expresion -> . UPPERID
    (36) expresion -> . LOWERID
    LOWERID         shift and go to state 25
    UPPERID         shift and go to state 26

    expresion                      shift and go to state 51

state 37

    (33) expresion -> LOWERID LPAREN . expresiones RPAREN
    (37) expresiones -> . expresiones COMMA expresiones
    (38) expresiones -> . expresion
    (39) expresiones -> . empty
    (33) expresion -> . LOWERID LPAREN expresiones RPAREN
    (34) expresion -> . UPPERID LPAREN expresiones RPAREN
    (35) expresion -> . UPPERID
    (36) expresion -> . LOWERID
    (2) empty -> .
    LOWERID         shift and go to state 25
    UPPERID         shift and go to state 26
    RPAREN          reduce using rule 2 (empty -> .)
    COMMA           reduce using rule 2 (empty -> .)

    expresiones                    shift and go to state 52
    expresion                      shift and go to state 53
    empty                          shift and go to state 54

state 38

    (34) expresion -> UPPERID LPAREN . expresiones RPAREN
    (37) expresiones -> . expresiones COMMA expresiones
    (38) expresiones -> . expresion
    (39) expresiones -> . empty
    (33) expresion -> . LOWERID LPAREN expresiones RPAREN
    (34) expresion -> . UPPERID LPAREN expresiones RPAREN
    (35) expresion -> . UPPERID
    (36) expresion -> . LOWERID
    (2) empty -> .
    LOWERID         shift and go to state 25
    UPPERID         shift and go to state 26
    RPAREN          reduce using rule 2 (empty -> .)
    COMMA           reduce using rule 2 (empty -> .)

    expresiones                    shift and go to state 55
    expresion                      shift and go to state 53
    empty                          shift and go to state 54

state 39

    (5) declaracion -> FUN LOWERID signatura precondicion . postcondicion reglas
    (10) postcondicion -> . BANG formulaImpOrAndNeg
    (11) postcondicion -> . empty
    (2) empty -> .
    BANG            shift and go to state 57
    UPPERID         reduce using rule 2 (empty -> .)
    LOWERID         reduce using rule 2 (empty -> .)
    UNDERSCORE      reduce using rule 2 (empty -> .)
    ARROW           reduce using rule 2 (empty -> .)
    COMMA           reduce using rule 2 (empty -> .)
    FUN             reduce using rule 2 (empty -> .)
    CHECK           reduce using rule 2 (empty -> .)
    PRINT           reduce using rule 2 (empty -> .)
    $end            reduce using rule 2 (empty -> .)

    postcondicion                  shift and go to state 56
    empty                          shift and go to state 58

state 40

    (8) precondicion -> QUESTION . formulaImpOrAndNeg
    (47) formulaImpOrAndNeg -> . formulaOrAndNeg
    (48) formulaImpOrAndNeg -> . formulaOrAndNeg IMP formulaImpOrAndNeg
    (45) formulaOrAndNeg -> . formulaAndNeg
    (46) formulaOrAndNeg -> . formulaAndNeg OR formulaOrAndNeg
    (43) formulaAndNeg -> . formulaNeg AND formulaAndNeg
    (44) formulaAndNeg -> . formulaNeg
    (40) formulaNeg -> . LPAREN formulaImpOrAndNeg RPAREN
    (41) formulaNeg -> . NOT formulaNeg
    (42) formulaNeg -> . formulaAtomica
    (49) formulaAtomica -> . expresion EQ expresion
    (50) formulaAtomica -> . expresion
    (51) formulaAtomica -> . FALSE
    (52) formulaAtomica -> . TRUE
    (33) expresion -> . LOWERID LPAREN expresiones RPAREN
    (34) expresion -> . UPPERID LPAREN expresiones RPAREN
    (35) expresion -> . UPPERID
    (36) expresion -> . LOWERID
    LPAREN          shift and go to state 19
    NOT             shift and go to state 20
    FALSE           shift and go to state 23
    TRUE            shift and go to state 24
    LOWERID         shift and go to state 25
    UPPERID         shift and go to state 26

    formulaImpOrAndNeg             shift and go to state 59
    formulaOrAndNeg                shift and go to state 16
    formulaAndNeg                  shift and go to state 17
    formulaNeg                     shift and go to state 18
    formulaAtomica                 shift and go to state 21
    expresion                      shift and go to state 22

state 41

    (9) precondicion -> empty .
    BANG            reduce using rule 9 (precondicion -> empty .)
    UPPERID         reduce using rule 9 (precondicion -> empty .)
    LOWERID         reduce using rule 9 (precondicion -> empty .)
    UNDERSCORE      reduce using rule 9 (precondicion -> empty .)
    ARROW           reduce using rule 9 (precondicion -> empty .)
    COMMA           reduce using rule 9 (precondicion -> empty .)
    FUN             reduce using rule 9 (precondicion -> empty .)
    CHECK           reduce using rule 9 (precondicion -> empty .)
    PRINT           reduce using rule 9 (precondicion -> empty .)
    $end            reduce using rule 9 (precondicion -> empty .)


state 42

    (7) signatura -> COLON parametros . ARROW parametro
    (18) parametros -> parametros . COMMA parametros
    ARROW           shift and go to state 60
    COMMA           shift and go to state 61


state 43

    (19) parametros -> parametro .
    ARROW           reduce using rule 19 (parametros -> parametro .)
    COMMA           reduce using rule 19 (parametros -> parametro .)


state 44

    (20) parametros -> empty .
    ARROW           reduce using rule 20 (parametros -> empty .)
    COMMA           reduce using rule 20 (parametros -> empty .)


state 45

    (21) parametro -> LOWERID .
    ARROW           reduce using rule 21 (parametro -> LOWERID .)
    COMMA           reduce using rule 21 (parametro -> LOWERID .)
    QUESTION        reduce using rule 21 (parametro -> LOWERID .)
    BANG            reduce using rule 21 (parametro -> LOWERID .)
    UPPERID         reduce using rule 21 (parametro -> LOWERID .)
    LOWERID         reduce using rule 21 (parametro -> LOWERID .)
    UNDERSCORE      reduce using rule 21 (parametro -> LOWERID .)
    FUN             reduce using rule 21 (parametro -> LOWERID .)
    CHECK           reduce using rule 21 (parametro -> LOWERID .)
    PRINT           reduce using rule 21 (parametro -> LOWERID .)
    $end            reduce using rule 21 (parametro -> LOWERID .)


state 46

    (22) parametro -> UNDERSCORE .
    ARROW           reduce using rule 22 (parametro -> UNDERSCORE .)
    COMMA           reduce using rule 22 (parametro -> UNDERSCORE .)
    QUESTION        reduce using rule 22 (parametro -> UNDERSCORE .)
    BANG            reduce using rule 22 (parametro -> UNDERSCORE .)
    UPPERID         reduce using rule 22 (parametro -> UNDERSCORE .)
    LOWERID         reduce using rule 22 (parametro -> UNDERSCORE .)
    UNDERSCORE      reduce using rule 22 (parametro -> UNDERSCORE .)
    FUN             reduce using rule 22 (parametro -> UNDERSCORE .)
    CHECK           reduce using rule 22 (parametro -> UNDERSCORE .)
    PRINT           reduce using rule 22 (parametro -> UNDERSCORE .)
    $end            reduce using rule 22 (parametro -> UNDERSCORE .)


state 47

    (48) formulaImpOrAndNeg -> formulaOrAndNeg IMP formulaImpOrAndNeg .
    CHECK           reduce using rule 48 (formulaImpOrAndNeg -> formulaOrAndNeg IMP formulaImpOrAndNeg .)
    PRINT           reduce using rule 48 (formulaImpOrAndNeg -> formulaOrAndNeg IMP formulaImpOrAndNeg .)
    $end            reduce using rule 48 (formulaImpOrAndNeg -> formulaOrAndNeg IMP formulaImpOrAndNeg .)
    RPAREN          reduce using rule 48 (formulaImpOrAndNeg -> formulaOrAndNeg IMP formulaImpOrAndNeg .)
    BANG            reduce using rule 48 (formulaImpOrAndNeg -> formulaOrAndNeg IMP formulaImpOrAndNeg .)
    UPPERID         reduce using rule 48 (formulaImpOrAndNeg -> formulaOrAndNeg IMP formulaImpOrAndNeg .)
    LOWERID         reduce using rule 48 (formulaImpOrAndNeg -> formulaOrAndNeg IMP formulaImpOrAndNeg .)
    UNDERSCORE      reduce using rule 48 (formulaImpOrAndNeg -> formulaOrAndNeg IMP formulaImpOrAndNeg .)
    ARROW           reduce using rule 48 (formulaImpOrAndNeg -> formulaOrAndNeg IMP formulaImpOrAndNeg .)
    COMMA           reduce using rule 48 (formulaImpOrAndNeg -> formulaOrAndNeg IMP formulaImpOrAndNeg .)
    FUN             reduce using rule 48 (formulaImpOrAndNeg -> formulaOrAndNeg IMP formulaImpOrAndNeg .)


state 48

    (46) formulaOrAndNeg -> formulaAndNeg OR formulaOrAndNeg .
    IMP             reduce using rule 46 (formulaOrAndNeg -> formulaAndNeg OR formulaOrAndNeg .)
    CHECK           reduce using rule 46 (formulaOrAndNeg -> formulaAndNeg OR formulaOrAndNeg .)
    PRINT           reduce using rule 46 (formulaOrAndNeg -> formulaAndNeg OR formulaOrAndNeg .)
    $end            reduce using rule 46 (formulaOrAndNeg -> formulaAndNeg OR formulaOrAndNeg .)
    RPAREN          reduce using rule 46 (formulaOrAndNeg -> formulaAndNeg OR formulaOrAndNeg .)
    BANG            reduce using rule 46 (formulaOrAndNeg -> formulaAndNeg OR formulaOrAndNeg .)
    UPPERID         reduce using rule 46 (formulaOrAndNeg -> formulaAndNeg OR formulaOrAndNeg .)
    LOWERID         reduce using rule 46 (formulaOrAndNeg -> formulaAndNeg OR formulaOrAndNeg .)
    UNDERSCORE      reduce using rule 46 (formulaOrAndNeg -> formulaAndNeg OR formulaOrAndNeg .)
    ARROW           reduce using rule 46 (formulaOrAndNeg -> formulaAndNeg OR formulaOrAndNeg .)
    COMMA           reduce using rule 46 (formulaOrAndNeg -> formulaAndNeg OR formulaOrAndNeg .)
    FUN             reduce using rule 46 (formulaOrAndNeg -> formulaAndNeg OR formulaOrAndNeg .)


state 49

    (43) formulaAndNeg -> formulaNeg AND formulaAndNeg .
    OR              reduce using rule 43 (formulaAndNeg -> formulaNeg AND formulaAndNeg .)
    IMP             reduce using rule 43 (formulaAndNeg -> formulaNeg AND formulaAndNeg .)
    CHECK           reduce using rule 43 (formulaAndNeg -> formulaNeg AND formulaAndNeg .)
    PRINT           reduce using rule 43 (formulaAndNeg -> formulaNeg AND formulaAndNeg .)
    $end            reduce using rule 43 (formulaAndNeg -> formulaNeg AND formulaAndNeg .)
    RPAREN          reduce using rule 43 (formulaAndNeg -> formulaNeg AND formulaAndNeg .)
    BANG            reduce using rule 43 (formulaAndNeg -> formulaNeg AND formulaAndNeg .)
    UPPERID         reduce using rule 43 (formulaAndNeg -> formulaNeg AND formulaAndNeg .)
    LOWERID         reduce using rule 43 (formulaAndNeg -> formulaNeg AND formulaAndNeg .)
    UNDERSCORE      reduce using rule 43 (formulaAndNeg -> formulaNeg AND formulaAndNeg .)
    ARROW           reduce using rule 43 (formulaAndNeg -> formulaNeg AND formulaAndNeg .)
    COMMA           reduce using rule 43 (formulaAndNeg -> formulaNeg AND formulaAndNeg .)
    FUN             reduce using rule 43 (formulaAndNeg -> formulaNeg AND formulaAndNeg .)


state 50

    (40) formulaNeg -> LPAREN formulaImpOrAndNeg RPAREN .
    AND             reduce using rule 40 (formulaNeg -> LPAREN formulaImpOrAndNeg RPAREN .)
    OR              reduce using rule 40 (formulaNeg -> LPAREN formulaImpOrAndNeg RPAREN .)
    IMP             reduce using rule 40 (formulaNeg -> LPAREN formulaImpOrAndNeg RPAREN .)
    CHECK           reduce using rule 40 (formulaNeg -> LPAREN formulaImpOrAndNeg RPAREN .)
    PRINT           reduce using rule 40 (formulaNeg -> LPAREN formulaImpOrAndNeg RPAREN .)
    $end            reduce using rule 40 (formulaNeg -> LPAREN formulaImpOrAndNeg RPAREN .)
    RPAREN          reduce using rule 40 (formulaNeg -> LPAREN formulaImpOrAndNeg RPAREN .)
    BANG            reduce using rule 40 (formulaNeg -> LPAREN formulaImpOrAndNeg RPAREN .)
    UPPERID         reduce using rule 40 (formulaNeg -> LPAREN formulaImpOrAndNeg RPAREN .)
    LOWERID         reduce using rule 40 (formulaNeg -> LPAREN formulaImpOrAndNeg RPAREN .)
    UNDERSCORE      reduce using rule 40 (formulaNeg -> LPAREN formulaImpOrAndNeg RPAREN .)
    ARROW           reduce using rule 40 (formulaNeg -> LPAREN formulaImpOrAndNeg RPAREN .)
    COMMA           reduce using rule 40 (formulaNeg -> LPAREN formulaImpOrAndNeg RPAREN .)
    FUN             reduce using rule 40 (formulaNeg -> LPAREN formulaImpOrAndNeg RPAREN .)


state 51

    (49) formulaAtomica -> expresion EQ expresion .
    AND             reduce using rule 49 (formulaAtomica -> expresion EQ expresion .)
    OR              reduce using rule 49 (formulaAtomica -> expresion EQ expresion .)
    IMP             reduce using rule 49 (formulaAtomica -> expresion EQ expresion .)
    CHECK           reduce using rule 49 (formulaAtomica -> expresion EQ expresion .)
    PRINT           reduce using rule 49 (formulaAtomica -> expresion EQ expresion .)
    $end            reduce using rule 49 (formulaAtomica -> expresion EQ expresion .)
    RPAREN          reduce using rule 49 (formulaAtomica -> expresion EQ expresion .)
    BANG            reduce using rule 49 (formulaAtomica -> expresion EQ expresion .)
    UPPERID         reduce using rule 49 (formulaAtomica -> expresion EQ expresion .)
    LOWERID         reduce using rule 49 (formulaAtomica -> expresion EQ expresion .)
    UNDERSCORE      reduce using rule 49 (formulaAtomica -> expresion EQ expresion .)
    ARROW           reduce using rule 49 (formulaAtomica -> expresion EQ expresion .)
    COMMA           reduce using rule 49 (formulaAtomica -> expresion EQ expresion .)
    FUN             reduce using rule 49 (formulaAtomica -> expresion EQ expresion .)


state 52

    (33) expresion -> LOWERID LPAREN expresiones . RPAREN
    (37) expresiones -> expresiones . COMMA expresiones
    RPAREN          shift and go to state 62
    COMMA           shift and go to state 63


state 53

    (38) expresiones -> expresion .
    RPAREN          reduce using rule 38 (expresiones -> expresion .)
    COMMA           reduce using rule 38 (expresiones -> expresion .)


state 54

    (39) expresiones -> empty .
    RPAREN          reduce using rule 39 (expresiones -> empty .)
    COMMA           reduce using rule 39 (expresiones -> empty .)


state 55

    (34) expresion -> UPPERID LPAREN expresiones . RPAREN
    (37) expresiones -> expresiones . COMMA expresiones
    RPAREN          shift and go to state 64
    COMMA           shift and go to state 63


state 56

    (5) declaracion -> FUN LOWERID signatura precondicion postcondicion . reglas
    (23) reglas -> . reglas regla
    (24) reglas -> . empty
    (2) empty -> .
    UPPERID         reduce using rule 2 (empty -> .)
    LOWERID         reduce using rule 2 (empty -> .)
    UNDERSCORE      reduce using rule 2 (empty -> .)
    ARROW           reduce using rule 2 (empty -> .)
    COMMA           reduce using rule 2 (empty -> .)
    FUN             reduce using rule 2 (empty -> .)
    CHECK           reduce using rule 2 (empty -> .)
    PRINT           reduce using rule 2 (empty -> .)
    $end            reduce using rule 2 (empty -> .)

    reglas                         shift and go to state 65
    empty                          shift and go to state 66

state 57

    (10) postcondicion -> BANG . formulaImpOrAndNeg
    (47) formulaImpOrAndNeg -> . formulaOrAndNeg
    (48) formulaImpOrAndNeg -> . formulaOrAndNeg IMP formulaImpOrAndNeg
    (45) formulaOrAndNeg -> . formulaAndNeg
    (46) formulaOrAndNeg -> . formulaAndNeg OR formulaOrAndNeg
    (43) formulaAndNeg -> . formulaNeg AND formulaAndNeg
    (44) formulaAndNeg -> . formulaNeg
    (40) formulaNeg -> . LPAREN formulaImpOrAndNeg RPAREN
    (41) formulaNeg -> . NOT formulaNeg
    (42) formulaNeg -> . formulaAtomica
    (49) formulaAtomica -> . expresion EQ expresion
    (50) formulaAtomica -> . expresion
    (51) formulaAtomica -> . FALSE
    (52) formulaAtomica -> . TRUE
    (33) expresion -> . LOWERID LPAREN expresiones RPAREN
    (34) expresion -> . UPPERID LPAREN expresiones RPAREN
    (35) expresion -> . UPPERID
    (36) expresion -> . LOWERID
    LPAREN          shift and go to state 19
    NOT             shift and go to state 20
    FALSE           shift and go to state 23
    TRUE            shift and go to state 24
    LOWERID         shift and go to state 25
    UPPERID         shift and go to state 26

    formulaImpOrAndNeg             shift and go to state 67
    formulaOrAndNeg                shift and go to state 16
    formulaAndNeg                  shift and go to state 17
    formulaNeg                     shift and go to state 18
    formulaAtomica                 shift and go to state 21
    expresion                      shift and go to state 22

state 58

    (11) postcondicion -> empty .
    UPPERID         reduce using rule 11 (postcondicion -> empty .)
    LOWERID         reduce using rule 11 (postcondicion -> empty .)
    UNDERSCORE      reduce using rule 11 (postcondicion -> empty .)
    ARROW           reduce using rule 11 (postcondicion -> empty .)
    COMMA           reduce using rule 11 (postcondicion -> empty .)
    FUN             reduce using rule 11 (postcondicion -> empty .)
    CHECK           reduce using rule 11 (postcondicion -> empty .)
    PRINT           reduce using rule 11 (postcondicion -> empty .)
    $end            reduce using rule 11 (postcondicion -> empty .)


state 59

    (8) precondicion -> QUESTION formulaImpOrAndNeg .
    BANG            reduce using rule 8 (precondicion -> QUESTION formulaImpOrAndNeg .)
    UPPERID         reduce using rule 8 (precondicion -> QUESTION formulaImpOrAndNeg .)
    LOWERID         reduce using rule 8 (precondicion -> QUESTION formulaImpOrAndNeg .)
    UNDERSCORE      reduce using rule 8 (precondicion -> QUESTION formulaImpOrAndNeg .)
    ARROW           reduce using rule 8 (precondicion -> QUESTION formulaImpOrAndNeg .)
    COMMA           reduce using rule 8 (precondicion -> QUESTION formulaImpOrAndNeg .)
    FUN             reduce using rule 8 (precondicion -> QUESTION formulaImpOrAndNeg .)
    CHECK           reduce using rule 8 (precondicion -> QUESTION formulaImpOrAndNeg .)
    PRINT           reduce using rule 8 (precondicion -> QUESTION formulaImpOrAndNeg .)
    $end            reduce using rule 8 (precondicion -> QUESTION formulaImpOrAndNeg .)


state 60

    (7) signatura -> COLON parametros ARROW . parametro
    (21) parametro -> . LOWERID
    (22) parametro -> . UNDERSCORE
    LOWERID         shift and go to state 45
    UNDERSCORE      shift and go to state 46

    parametro                      shift and go to state 68

state 61

    (18) parametros -> parametros COMMA . parametros
    (18) parametros -> . parametros COMMA parametros
    (19) parametros -> . parametro
    (20) parametros -> . empty
    (21) parametro -> . LOWERID
    (22) parametro -> . UNDERSCORE
    (2) empty -> .
    LOWERID         shift and go to state 45
    UNDERSCORE      shift and go to state 46
    COMMA           reduce using rule 2 (empty -> .)
    ARROW           reduce using rule 2 (empty -> .)

    parametros                     shift and go to state 69
    parametro                      shift and go to state 43
    empty                          shift and go to state 44

state 62

    (33) expresion -> LOWERID LPAREN expresiones RPAREN .
    EQ              reduce using rule 33 (expresion -> LOWERID LPAREN expresiones RPAREN .)
    AND             reduce using rule 33 (expresion -> LOWERID LPAREN expresiones RPAREN .)
    OR              reduce using rule 33 (expresion -> LOWERID LPAREN expresiones RPAREN .)
    IMP             reduce using rule 33 (expresion -> LOWERID LPAREN expresiones RPAREN .)
    CHECK           reduce using rule 33 (expresion -> LOWERID LPAREN expresiones RPAREN .)
    PRINT           reduce using rule 33 (expresion -> LOWERID LPAREN expresiones RPAREN .)
    $end            reduce using rule 33 (expresion -> LOWERID LPAREN expresiones RPAREN .)
    RPAREN          reduce using rule 33 (expresion -> LOWERID LPAREN expresiones RPAREN .)
    BANG            reduce using rule 33 (expresion -> LOWERID LPAREN expresiones RPAREN .)
    UPPERID         reduce using rule 33 (expresion -> LOWERID LPAREN expresiones RPAREN .)
    LOWERID         reduce using rule 33 (expresion -> LOWERID LPAREN expresiones RPAREN .)
    UNDERSCORE      reduce using rule 33 (expresion -> LOWERID LPAREN expresiones RPAREN .)
    ARROW           reduce using rule 33 (expresion -> LOWERID LPAREN expresiones RPAREN .)
    COMMA           reduce using rule 33 (expresion -> LOWERID LPAREN expresiones RPAREN .)
    FUN             reduce using rule 33 (expresion -> LOWERID LPAREN expresiones RPAREN .)


state 63

    (37) expresiones -> expresiones COMMA . expresiones
    (37) expresiones -> . expresiones COMMA expresiones
    (38) expresiones -> . expresion
    (39) expresiones -> . empty
    (33) expresion -> . LOWERID LPAREN expresiones RPAREN
    (34) expresion -> . UPPERID LPAREN expresiones RPAREN
    (35) expresion -> . UPPERID
    (36) expresion -> . LOWERID
    (2) empty -> .
    LOWERID         shift and go to state 25
    UPPERID         shift and go to state 26
    COMMA           reduce using rule 2 (empty -> .)
    RPAREN          reduce using rule 2 (empty -> .)

    expresiones                    shift and go to state 70
    expresion                      shift and go to state 53
    empty                          shift and go to state 54

state 64

    (34) expresion -> UPPERID LPAREN expresiones RPAREN .
    EQ              reduce using rule 34 (expresion -> UPPERID LPAREN expresiones RPAREN .)
    AND             reduce using rule 34 (expresion -> UPPERID LPAREN expresiones RPAREN .)
    OR              reduce using rule 34 (expresion -> UPPERID LPAREN expresiones RPAREN .)
    IMP             reduce using rule 34 (expresion -> UPPERID LPAREN expresiones RPAREN .)
    CHECK           reduce using rule 34 (expresion -> UPPERID LPAREN expresiones RPAREN .)
    PRINT           reduce using rule 34 (expresion -> UPPERID LPAREN expresiones RPAREN .)
    $end            reduce using rule 34 (expresion -> UPPERID LPAREN expresiones RPAREN .)
    RPAREN          reduce using rule 34 (expresion -> UPPERID LPAREN expresiones RPAREN .)
    BANG            reduce using rule 34 (expresion -> UPPERID LPAREN expresiones RPAREN .)
    UPPERID         reduce using rule 34 (expresion -> UPPERID LPAREN expresiones RPAREN .)
    LOWERID         reduce using rule 34 (expresion -> UPPERID LPAREN expresiones RPAREN .)
    UNDERSCORE      reduce using rule 34 (expresion -> UPPERID LPAREN expresiones RPAREN .)
    ARROW           reduce using rule 34 (expresion -> UPPERID LPAREN expresiones RPAREN .)
    COMMA           reduce using rule 34 (expresion -> UPPERID LPAREN expresiones RPAREN .)
    FUN             reduce using rule 34 (expresion -> UPPERID LPAREN expresiones RPAREN .)


state 65

    (5) declaracion -> FUN LOWERID signatura precondicion postcondicion reglas .
    (23) reglas -> reglas . regla
    (25) regla -> . patrones ARROW expresion
    (26) patrones -> . patrones COMMA patrones
    (27) patrones -> . patron
    (28) patrones -> . empty
    (29) patron -> . UPPERID LPAREN patrones RPAREN
    (30) patron -> . UPPERID
    (31) patron -> . LOWERID
    (32) patron -> . UNDERSCORE
    (2) empty -> .
    FUN             reduce using rule 5 (declaracion -> FUN LOWERID signatura precondicion postcondicion reglas .)
    CHECK           reduce using rule 5 (declaracion -> FUN LOWERID signatura precondicion postcondicion reglas .)
    PRINT           reduce using rule 5 (declaracion -> FUN LOWERID signatura precondicion postcondicion reglas .)
    $end            reduce using rule 5 (declaracion -> FUN LOWERID signatura precondicion postcondicion reglas .)
    UPPERID         shift and go to state 76
    LOWERID         shift and go to state 71
    UNDERSCORE      shift and go to state 77
    ARROW           reduce using rule 2 (empty -> .)
    COMMA           reduce using rule 2 (empty -> .)

    regla                          shift and go to state 72
    patrones                       shift and go to state 73
    patron                         shift and go to state 74
    empty                          shift and go to state 75

state 66

    (24) reglas -> empty .
    UPPERID         reduce using rule 24 (reglas -> empty .)
    LOWERID         reduce using rule 24 (reglas -> empty .)
    UNDERSCORE      reduce using rule 24 (reglas -> empty .)
    ARROW           reduce using rule 24 (reglas -> empty .)
    COMMA           reduce using rule 24 (reglas -> empty .)
    FUN             reduce using rule 24 (reglas -> empty .)
    CHECK           reduce using rule 24 (reglas -> empty .)
    PRINT           reduce using rule 24 (reglas -> empty .)
    $end            reduce using rule 24 (reglas -> empty .)


state 67

    (10) postcondicion -> BANG formulaImpOrAndNeg .
    UPPERID         reduce using rule 10 (postcondicion -> BANG formulaImpOrAndNeg .)
    LOWERID         reduce using rule 10 (postcondicion -> BANG formulaImpOrAndNeg .)
    UNDERSCORE      reduce using rule 10 (postcondicion -> BANG formulaImpOrAndNeg .)
    ARROW           reduce using rule 10 (postcondicion -> BANG formulaImpOrAndNeg .)
    COMMA           reduce using rule 10 (postcondicion -> BANG formulaImpOrAndNeg .)
    FUN             reduce using rule 10 (postcondicion -> BANG formulaImpOrAndNeg .)
    CHECK           reduce using rule 10 (postcondicion -> BANG formulaImpOrAndNeg .)
    PRINT           reduce using rule 10 (postcondicion -> BANG formulaImpOrAndNeg .)
    $end            reduce using rule 10 (postcondicion -> BANG formulaImpOrAndNeg .)


state 68

    (7) signatura -> COLON parametros ARROW parametro .
    QUESTION        reduce using rule 7 (signatura -> COLON parametros ARROW parametro .)
    BANG            reduce using rule 7 (signatura -> COLON parametros ARROW parametro .)
    UPPERID         reduce using rule 7 (signatura -> COLON parametros ARROW parametro .)
    LOWERID         reduce using rule 7 (signatura -> COLON parametros ARROW parametro .)
    UNDERSCORE      reduce using rule 7 (signatura -> COLON parametros ARROW parametro .)
    ARROW           reduce using rule 7 (signatura -> COLON parametros ARROW parametro .)
    COMMA           reduce using rule 7 (signatura -> COLON parametros ARROW parametro .)
    FUN             reduce using rule 7 (signatura -> COLON parametros ARROW parametro .)
    CHECK           reduce using rule 7 (signatura -> COLON parametros ARROW parametro .)
    PRINT           reduce using rule 7 (signatura -> COLON parametros ARROW parametro .)
    $end            reduce using rule 7 (signatura -> COLON parametros ARROW parametro .)


state 69

    (18) parametros -> parametros COMMA parametros .
    (18) parametros -> parametros . COMMA parametros
    ARROW           reduce using rule 18 (parametros -> parametros COMMA parametros .)
    COMMA           reduce using rule 18 (parametros -> parametros COMMA parametros .)


state 70

    (37) expresiones -> expresiones COMMA expresiones .
    (37) expresiones -> expresiones . COMMA expresiones
    RPAREN          reduce using rule 37 (expresiones -> expresiones COMMA expresiones .)
    COMMA           reduce using rule 37 (expresiones -> expresiones COMMA expresiones .)


state 71

    (31) patron -> LOWERID .
    ARROW           reduce using rule 31 (patron -> LOWERID .)
    COMMA           reduce using rule 31 (patron -> LOWERID .)
    RPAREN          reduce using rule 31 (patron -> LOWERID .)


state 72

    (23) reglas -> reglas regla .
    UPPERID         reduce using rule 23 (reglas -> reglas regla .)
    LOWERID         reduce using rule 23 (reglas -> reglas regla .)
    UNDERSCORE      reduce using rule 23 (reglas -> reglas regla .)
    ARROW           reduce using rule 23 (reglas -> reglas regla .)
    COMMA           reduce using rule 23 (reglas -> reglas regla .)
    FUN             reduce using rule 23 (reglas -> reglas regla .)
    CHECK           reduce using rule 23 (reglas -> reglas regla .)
    PRINT           reduce using rule 23 (reglas -> reglas regla .)
    $end            reduce using rule 23 (reglas -> reglas regla .)


state 73

    (25) regla -> patrones . ARROW expresion
    (26) patrones -> patrones . COMMA patrones
    ARROW           shift and go to state 78
    COMMA           shift and go to state 79


state 74

    (27) patrones -> patron .
    ARROW           reduce using rule 27 (patrones -> patron .)
    COMMA           reduce using rule 27 (patrones -> patron .)
    RPAREN          reduce using rule 27 (patrones -> patron .)


state 75

    (28) patrones -> empty .
    ARROW           reduce using rule 28 (patrones -> empty .)
    COMMA           reduce using rule 28 (patrones -> empty .)
    RPAREN          reduce using rule 28 (patrones -> empty .)


state 76

    (29) patron -> UPPERID . LPAREN patrones RPAREN
    (30) patron -> UPPERID .
    LPAREN          shift and go to state 80
    ARROW           reduce using rule 30 (patron -> UPPERID .)
    COMMA           reduce using rule 30 (patron -> UPPERID .)
    RPAREN          reduce using rule 30 (patron -> UPPERID .)


state 77

    (32) patron -> UNDERSCORE .
    ARROW           reduce using rule 32 (patron -> UNDERSCORE .)
    COMMA           reduce using rule 32 (patron -> UNDERSCORE .)
    RPAREN          reduce using rule 32 (patron -> UNDERSCORE .)


state 78

    (25) regla -> patrones ARROW . expresion
    (33) expresion -> . LOWERID LPAREN expresiones RPAREN
    (34) expresion -> . UPPERID LPAREN expresiones RPAREN
    (35) expresion -> . UPPERID
    (36) expresion -> . LOWERID
    LOWERID         shift and go to state 25
    UPPERID         shift and go to state 26

    expresion                      shift and go to state 81

state 79

    (26) patrones -> patrones COMMA . patrones
    (26) patrones -> . patrones COMMA patrones
    (27) patrones -> . patron
    (28) patrones -> . empty
    (29) patron -> . UPPERID LPAREN patrones RPAREN
    (30) patron -> . UPPERID
    (31) patron -> . LOWERID
    (32) patron -> . UNDERSCORE
    (2) empty -> .
    UPPERID         shift and go to state 76
    LOWERID         shift and go to state 71
    UNDERSCORE      shift and go to state 77
    COMMA           reduce using rule 2 (empty -> .)
    ARROW           reduce using rule 2 (empty -> .)
    RPAREN          reduce using rule 2 (empty -> .)

    patrones                       shift and go to state 82
    patron                         shift and go to state 74
    empty                          shift and go to state 75

state 80

    (29) patron -> UPPERID LPAREN . patrones RPAREN
    (26) patrones -> . patrones COMMA patrones
    (27) patrones -> . patron
    (28) patrones -> . empty
    (29) patron -> . UPPERID LPAREN patrones RPAREN
    (30) patron -> . UPPERID
    (31) patron -> . LOWERID
    (32) patron -> . UNDERSCORE
    (2) empty -> .
    UPPERID         shift and go to state 76
    LOWERID         shift and go to state 71
    UNDERSCORE      shift and go to state 77
    RPAREN          reduce using rule 2 (empty -> .)
    COMMA           reduce using rule 2 (empty -> .)

    patrones                       shift and go to state 83
    patron                         shift and go to state 74
    empty                          shift and go to state 75

state 81

    (25) regla -> patrones ARROW expresion .
    UPPERID         reduce using rule 25 (regla -> patrones ARROW expresion .)
    LOWERID         reduce using rule 25 (regla -> patrones ARROW expresion .)
    UNDERSCORE      reduce using rule 25 (regla -> patrones ARROW expresion .)
    ARROW           reduce using rule 25 (regla -> patrones ARROW expresion .)
    COMMA           reduce using rule 25 (regla -> patrones ARROW expresion .)
    FUN             reduce using rule 25 (regla -> patrones ARROW expresion .)
    CHECK           reduce using rule 25 (regla -> patrones ARROW expresion .)
    PRINT           reduce using rule 25 (regla -> patrones ARROW expresion .)
    $end            reduce using rule 25 (regla -> patrones ARROW expresion .)


state 82

    (26) patrones -> patrones COMMA patrones .
    (26) patrones -> patrones . COMMA patrones
    ARROW           reduce using rule 26 (patrones -> patrones COMMA patrones .)
    COMMA           reduce using rule 26 (patrones -> patrones COMMA patrones .)
    RPAREN          reduce using rule 26 (patrones -> patrones COMMA patrones .)


state 83

    (29) patron -> UPPERID LPAREN patrones . RPAREN
    (26) patrones -> patrones . COMMA patrones
    RPAREN          shift and go to state 84
    COMMA           shift and go to state 79


state 84

    (29) patron -> UPPERID LPAREN patrones RPAREN .
    ARROW           reduce using rule 29 (patron -> UPPERID LPAREN patrones RPAREN .)
    COMMA           reduce using rule 29 (patron -> UPPERID LPAREN patrones RPAREN .)
    RPAREN          reduce using rule 29 (patron -> UPPERID LPAREN patrones RPAREN .)
